# JRE version: OpenJDK Runtime Environment (11.0.15) (build 11.0.15+0-b2043.56-8887301)
# Java VM: OpenJDK 64-Bit Server VM (11.0.15+0-b2043.56-8887301, mixed mode, tiered, compressed oops, g1 gc, windows-amd64)
Heap:
 garbage-first heap   total 284672K, used 201619K [0x0000000080000000, 0x0000000100000000)
  region size 1024K, 14 young (14336K), 4 survivors (4096K)
 Metaspace       used 111701K, capacity 114511K, committed 114724K, reserved 1148928K
  class space    used 14150K, capacity 15181K, committed 15308K, reserved 1048576K
GC Heap History (20 events):
Event: 11.435 GC heap before
{Heap before GC invocations=28 (full 0):
 garbage-first heap   total 236544K, used 171423K [0x0000000080000000, 0x0000000100000000)
  region size 1024K, 46 young (47104K), 7 survivors (7168K)
 Metaspace       used 86434K, capacity 88474K, committed 88612K, reserved 1126400K
  class space    used 11067K, capacity 11861K, committed 11980K, reserved 1048576K
}
Event: 11.445 GC heap after
{Heap after GC invocations=29 (full 0):
 garbage-first heap   total 236544K, used 138578K [0x0000000080000000, 0x0000000100000000)
  region size 1024K, 8 young (8192K), 8 survivors (8192K)
 Metaspace       used 86434K, capacity 88474K, committed 88612K, reserved 1126400K
  class space    used 11067K, capacity 11861K, committed 11980K, reserved 1048576K
}
Event: 11.905 GC heap before
{Heap before GC invocations=30 (full 0):
 garbage-first heap   total 236544K, used 214354K [0x0000000080000000, 0x0000000100000000)
  region size 1024K, 56 young (57344K), 8 survivors (8192K)
 Metaspace       used 88855K, capacity 91187K, committed 91300K, reserved 1128448K
  class space    used 11421K, capacity 12305K, committed 12364K, reserved 1048576K
}
Event: 11.915 GC heap after
{Heap after GC invocations=31 (full 0):
 garbage-first heap   total 236544K, used 172642K [0x0000000080000000, 0x0000000100000000)
  region size 1024K, 7 young (7168K), 7 survivors (7168K)
 Metaspace       used 88855K, capacity 91187K, committed 91300K, reserved 1128448K
  class space    used 11421K, capacity 12305K, committed 12364K, reserved 1048576K
}
Event: 12.019 GC heap before
{Heap before GC invocations=31 (full 0):
 garbage-first heap   total 236544K, used 201314K [0x0000000080000000, 0x0000000100000000)
  region size 1024K, 36 young (36864K), 7 survivors (7168K)
 Metaspace       used 89482K, capacity 91835K, committed 92196K, reserved 1128448K
  class space    used 11496K, capacity 12369K, committed 12492K, reserved 1048576K
}
Event: 12.026 GC heap after
{Heap after GC invocations=32 (full 0):
 garbage-first heap   total 284672K, used 173043K [0x0000000080000000, 0x0000000100000000)
  region size 1024K, 1 young (1024K), 1 survivors (1024K)
 Metaspace       used 89482K, capacity 91835K, committed 92196K, reserved 1128448K
  class space    used 11496K, capacity 12369K, committed 12492K, reserved 1048576K
}
Event: 12.361 GC heap before
{Heap before GC invocations=33 (full 0):
 garbage-first heap   total 284672K, used 200691K [0x0000000080000000, 0x0000000100000000)
  region size 1024K, 30 young (30720K), 1 survivors (1024K)
 Metaspace       used 90580K, capacity 93075K, committed 93348K, reserved 1130496K
  class space    used 11605K, capacity 12543K, committed 12620K, reserved 1048576K
}
Event: 12.365 GC heap after
{Heap after GC invocations=34 (full 0):
 garbage-first heap   total 284672K, used 174738K [0x0000000080000000, 0x0000000100000000)
  region size 1024K, 3 young (3072K), 3 survivors (3072K)
 Metaspace       used 90580K, capacity 93075K, committed 93348K, reserved 1130496K
  class space    used 11605K, capacity 12543K, committed 12620K, reserved 1048576K
}
Event: 13.124 GC heap before
{Heap before GC invocations=35 (full 0):
 garbage-first heap   total 284672K, used 230034K [0x0000000080000000, 0x0000000100000000)
  region size 1024K, 56 young (57344K), 3 survivors (3072K)
 Metaspace       used 97570K, capacity 100082K, committed 100388K, reserved 1136640K
  class space    used 12479K, capacity 13415K, committed 13516K, reserved 1048576K
}
Event: 13.131 GC heap after
{Heap after GC invocations=36 (full 0):
 garbage-first heap   total 284672K, used 176226K [0x0000000080000000, 0x0000000100000000)
  region size 1024K, 4 young (4096K), 4 survivors (4096K)
 Metaspace       used 97570K, capacity 100082K, committed 100388K, reserved 1136640K
  class space    used 12479K, capacity 13415K, committed 13516K, reserved 1048576K
}
Event: 13.794 GC heap before
{Heap before GC invocations=36 (full 0):
 garbage-first heap   total 284672K, used 231522K [0x0000000080000000, 0x0000000100000000)
  region size 1024K, 58 young (59392K), 4 survivors (4096K)
 Metaspace       used 102893K, capacity 105539K, committed 105764K, reserved 1140736K
  class space    used 13207K, capacity 14196K, committed 14284K, reserved 1048576K
}
Event: 13.805 GC heap after
{Heap after GC invocations=37 (full 0):
 garbage-first heap   total 284672K, used 179805K [0x0000000080000000, 0x0000000100000000)
  region size 1024K, 8 young (8192K), 8 survivors (8192K)
 Metaspace       used 102893K, capacity 105539K, committed 105764K, reserved 1140736K
  class space    used 13207K, capacity 14196K, committed 14284K, reserved 1048576K
}
Event: 14.580 GC heap before
{Heap before GC invocations=38 (full 0):
 garbage-first heap   total 284672K, used 234077K [0x0000000080000000, 0x0000000100000000)
  region size 1024K, 62 young (63488K), 8 survivors (8192K)
 Metaspace       used 104060K, capacity 106823K, committed 106916K, reserved 1142784K
  class space    used 13291K, capacity 14322K, committed 14412K, reserved 1048576K
}
Event: 14.596 GC heap after
{Heap after GC invocations=39 (full 0):
 garbage-first heap   total 284672K, used 184414K [0x0000000080000000, 0x0000000100000000)
  region size 1024K, 8 young (8192K), 8 survivors (8192K)
 Metaspace       used 104060K, capacity 106823K, committed 106916K, reserved 1142784K
  class space    used 13291K, capacity 14322K, committed 14412K, reserved 1048576K
}
Event: 15.263 GC heap before
{Heap before GC invocations=39 (full 0):
 garbage-first heap   total 284672K, used 236638K [0x0000000080000000, 0x0000000100000000)
  region size 1024K, 60 young (61440K), 8 survivors (8192K)
 Metaspace       used 105318K, capacity 108170K, committed 108324K, reserved 1142784K
  class space    used 13379K, capacity 14421K, committed 14540K, reserved 1048576K
}
Event: 15.276 GC heap after
{Heap after GC invocations=40 (full 0):
 garbage-first heap   total 284672K, used 188728K [0x0000000080000000, 0x0000000100000000)
  region size 1024K, 5 young (5120K), 5 survivors (5120K)
 Metaspace       used 105318K, capacity 108170K, committed 108324K, reserved 1142784K
  class space    used 13379K, capacity 14421K, committed 14540K, reserved 1048576K
}
Event: 15.873 GC heap before
{Heap before GC invocations=41 (full 0):
 garbage-first heap   total 284672K, used 238904K [0x0000000080000000, 0x0000000100000000)
  region size 1024K, 55 young (56320K), 5 survivors (5120K)
 Metaspace       used 107594K, capacity 110405K, committed 110628K, reserved 1144832K
  class space    used 13681K, capacity 14715K, committed 14796K, reserved 1048576K
}
Event: 15.880 GC heap after
{Heap after GC invocations=42 (full 0):
 garbage-first heap   total 284672K, used 190311K [0x0000000080000000, 0x0000000100000000)
  region size 1024K, 2 young (2048K), 2 survivors (2048K)
 Metaspace       used 107594K, capacity 110405K, committed 110628K, reserved 1144832K
  class space    used 13681K, capacity 14715K, committed 14796K, reserved 1048576K
}
Event: 16.368 GC heap before
{Heap before GC invocations=42 (full 0):
 garbage-first heap   total 284672K, used 242535K [0x0000000080000000, 0x0000000100000000)
  region size 1024K, 53 young (54272K), 2 survivors (2048K)
 Metaspace       used 111261K, capacity 114052K, committed 114340K, reserved 1148928K
  class space    used 14095K, capacity 15139K, committed 15180K, reserved 1048576K
}
Event: 16.376 GC heap after
{Heap after GC invocations=43 (full 0):
 garbage-first heap   total 284672K, used 192403K [0x0000000080000000, 0x0000000100000000)
  region size 1024K, 4 young (4096K), 4 survivors (4096K)
 Metaspace       used 111261K, capacity 114052K, committed 114340K, reserved 1148928K
  class space    used 14095K, capacity 15139K, committed 15180K, reserved 1048576K
}

